# JRE version: OpenJDK Runtime Environment Corretto-19.0.2.7.1 (19.0.2+7) (build 19.0.2+7-FR)
# Java VM: OpenJDK 64-Bit Server VM Corretto-19.0.2.7.1 (19.0.2+7-FR, mixed mode, sharing, tiered, compressed oops, compressed class ptrs, g1 gc, windows-amd64)
GC Precious Log:
 CardTable entry size: 512
 Card Set container configuration: InlinePtr #cards 5 size 8 Array Of Cards #cards 12 size 40 Howl #buckets 4 coarsen threshold 1843 Howl Bitmap #cards 512 size 80 coarsen threshold 460 Card regions per heap region 1 cards per card region 2048
 CPUs: 2 total, 2 available
 Memory: 6143M
 Large Page Support: Disabled
 NUMA Support: Disabled
 Compressed Oops: Enabled (32-bit)
 Heap Region Size: 1M
 Heap Min Capacity: 256M
 Heap Initial Capacity: 256M
 Heap Max Capacity: 512M
 Pre-touch: Disabled
 Parallel Workers: 2
 Concurrent Workers: 1
 Concurrent Refinement Workers: 2
 Periodic GC: Disabled
Heap:
 garbage-first heap   total 332800K, used 273231K [0x00000000e0000000, 0x0000000100000000)
  region size 1024K, 56 young (57344K), 1 survivors (1024K)
 Metaspace       used 157415K, committed 160512K, reserved 512000K
  class space    used 19367K, committed 20992K, reserved 315392K
GC Heap History (20 events):
Event: 8069.349 GC heap before
{Heap before GC invocations=86 (full 0):
 garbage-first heap   total 332800K, used 284812K [0x00000000e0000000, 0x0000000100000000)
  region size 1024K, 69 young (70656K), 4 survivors (4096K)
 Metaspace       used 156841K, committed 159936K, reserved 512000K
  class space    used 19365K, committed 20992K, reserved 315392K
}
Event: 8069.354 GC heap after
{Heap after GC invocations=87 (full 0):
 garbage-first heap   total 332800K, used 217130K [0x00000000e0000000, 0x0000000100000000)
  region size 1024K, 2 young (2048K), 2 survivors (2048K)
 Metaspace       used 156841K, committed 159936K, reserved 512000K
  class space    used 19365K, committed 20992K, reserved 315392K
}
Event: 8130.997 GC heap before
{Heap before GC invocations=87 (full 0):
 garbage-first heap   total 332800K, used 286762K [0x00000000e0000000, 0x0000000100000000)
  region size 1024K, 71 young (72704K), 2 survivors (2048K)
 Metaspace       used 156872K, committed 159936K, reserved 512000K
  class space    used 19365K, committed 20992K, reserved 315392K
}
Event: 8131.016 GC heap after
{Heap after GC invocations=88 (full 0):
 garbage-first heap   total 332800K, used 221226K [0x00000000e0000000, 0x0000000100000000)
  region size 1024K, 6 young (6144K), 6 survivors (6144K)
 Metaspace       used 156872K, committed 159936K, reserved 512000K
  class space    used 19365K, committed 20992K, reserved 315392K
}
Event: 8222.044 GC heap before
{Heap before GC invocations=88 (full 0):
 garbage-first heap   total 332800K, used 283690K [0x00000000e0000000, 0x0000000100000000)
  region size 1024K, 68 young (69632K), 6 survivors (6144K)
 Metaspace       used 156978K, committed 160128K, reserved 512000K
  class space    used 19365K, committed 20992K, reserved 315392K
}
Event: 8222.062 GC heap after
{Heap after GC invocations=89 (full 0):
 garbage-first heap   total 332800K, used 217927K [0x00000000e0000000, 0x0000000100000000)
  region size 1024K, 2 young (2048K), 2 survivors (2048K)
 Metaspace       used 156978K, committed 160128K, reserved 512000K
  class space    used 19365K, committed 20992K, reserved 315392K
}
Event: 8462.858 GC heap before
{Heap before GC invocations=89 (full 0):
 garbage-first heap   total 332800K, used 285511K [0x00000000e0000000, 0x0000000100000000)
  region size 1024K, 69 young (70656K), 2 survivors (2048K)
 Metaspace       used 157088K, committed 160256K, reserved 512000K
  class space    used 19365K, committed 20992K, reserved 315392K
}
Event: 8462.891 GC heap after
{Heap after GC invocations=90 (full 0):
 garbage-first heap   total 332800K, used 221848K [0x00000000e0000000, 0x0000000100000000)
  region size 1024K, 6 young (6144K), 6 survivors (6144K)
 Metaspace       used 157088K, committed 160256K, reserved 512000K
  class space    used 19365K, committed 20992K, reserved 315392K
}
Event: 8492.731 GC heap before
{Heap before GC invocations=90 (full 0):
 garbage-first heap   total 332800K, used 284312K [0x00000000e0000000, 0x0000000100000000)
  region size 1024K, 68 young (69632K), 6 survivors (6144K)
 Metaspace       used 157143K, committed 160256K, reserved 512000K
  class space    used 19365K, committed 20992K, reserved 315392K
}
Event: 8492.744 GC heap after
{Heap after GC invocations=91 (full 0):
 garbage-first heap   total 332800K, used 218865K [0x00000000e0000000, 0x0000000100000000)
  region size 1024K, 2 young (2048K), 2 survivors (2048K)
 Metaspace       used 157143K, committed 160256K, reserved 512000K
  class space    used 19365K, committed 20992K, reserved 315392K
}
Event: 8534.654 GC heap before
{Heap before GC invocations=91 (full 0):
 garbage-first heap   total 332800K, used 285425K [0x00000000e0000000, 0x0000000100000000)
  region size 1024K, 68 young (69632K), 2 survivors (2048K)
 Metaspace       used 157215K, committed 160320K, reserved 512000K
  class space    used 19366K, committed 20992K, reserved 315392K
}
Event: 8534.666 GC heap after
{Heap after GC invocations=92 (full 0):
 garbage-first heap   total 332800K, used 219769K [0x00000000e0000000, 0x0000000100000000)
  region size 1024K, 3 young (3072K), 3 survivors (3072K)
 Metaspace       used 157215K, committed 160320K, reserved 512000K
  class space    used 19366K, committed 20992K, reserved 315392K
}
Event: 8599.517 GC heap before
{Heap before GC invocations=92 (full 0):
 garbage-first heap   total 332800K, used 286329K [0x00000000e0000000, 0x0000000100000000)
  region size 1024K, 69 young (70656K), 3 survivors (3072K)
 Metaspace       used 157252K, committed 160384K, reserved 512000K
  class space    used 19366K, committed 20992K, reserved 315392K
}
Event: 8599.532 GC heap after
{Heap after GC invocations=93 (full 0):
 garbage-first heap   total 332800K, used 221767K [0x00000000e0000000, 0x0000000100000000)
  region size 1024K, 5 young (5120K), 5 survivors (5120K)
 Metaspace       used 157252K, committed 160384K, reserved 512000K
  class space    used 19366K, committed 20992K, reserved 315392K
}
Event: 11106.455 GC heap before
{Heap before GC invocations=93 (full 0):
 garbage-first heap   total 332800K, used 284231K [0x00000000e0000000, 0x0000000100000000)
  region size 1024K, 67 young (68608K), 5 survivors (5120K)
 Metaspace       used 157258K, committed 160384K, reserved 512000K
  class space    used 19366K, committed 20992K, reserved 315392K
}
Event: 11106.460 GC heap after
{Heap after GC invocations=94 (full 0):
 garbage-first heap   total 332800K, used 218284K [0x00000000e0000000, 0x0000000100000000)
  region size 1024K, 1 young (1024K), 1 survivors (1024K)
 Metaspace       used 157258K, committed 160384K, reserved 512000K
  class space    used 19366K, committed 20992K, reserved 315392K
}
Event: 11174.897 GC heap before
{Heap before GC invocations=94 (full 0):
 garbage-first heap   total 332800K, used 286892K [0x00000000e0000000, 0x0000000100000000)
  region size 1024K, 69 young (70656K), 1 survivors (1024K)
 Metaspace       used 157303K, committed 160448K, reserved 512000K
  class space    used 19366K, committed 20992K, reserved 315392K
}
Event: 11174.919 GC heap after
{Heap after GC invocations=95 (full 0):
 garbage-first heap   total 332800K, used 223160K [0x00000000e0000000, 0x0000000100000000)
  region size 1024K, 6 young (6144K), 6 survivors (6144K)
 Metaspace       used 157303K, committed 160448K, reserved 512000K
  class space    used 19366K, committed 20992K, reserved 315392K
}
Event: 11624.195 GC heap before
{Heap before GC invocations=95 (full 0):
 garbage-first heap   total 332800K, used 284600K [0x00000000e0000000, 0x0000000100000000)
  region size 1024K, 67 young (68608K), 6 survivors (6144K)
 Metaspace       used 157340K, committed 160448K, reserved 512000K
  class space    used 19367K, committed 20992K, reserved 315392K
}
Event: 11624.207 GC heap after
{Heap after GC invocations=96 (full 0):
 garbage-first heap   total 332800K, used 218959K [0x00000000e0000000, 0x0000000100000000)
  region size 1024K, 1 young (1024K), 1 survivors (1024K)
 Metaspace       used 157340K, committed 160448K, reserved 512000K
  class space    used 19367K, committed 20992K, reserved 315392K
}

